<?xml version="1.0" encoding="UTF-8"?>
<!-- Generated by org.testng.reporters.JUnitReportReporter -->
<testsuite hostname="AnwarArifa" name="ScenarioComponent.Test_Scenario" tests="2" failures="0" timestamp="21 Jan 2017 13:18:44 GMT" time="114.284" errors="0">
  <testcase name="test_Scenario" time="57.523" classname="ScenarioComponent.Test_Scenario"/>
  <testcase name="test_Scenario" time="56.761" classname="ScenarioComponent.Test_Scenario"/>
</testsuite> <!-- ScenarioComponent.Test_Scenario -->
