<?xml version="1.0" encoding="UTF-8"?>
<!-- Generated by org.testng.reporters.JUnitReportReporter -->
<testsuite hostname="AnwarArifa" name="ScenarioComponent.Test_Scenario" tests="2" failures="0" timestamp="22 Jan 2017 07:23:15 GMT" time="117.341" errors="0">
  <testcase name="test_Scenario" time="61.492" classname="ScenarioComponent.Test_Scenario"/>
  <testcase name="test_Scenario" time="55.849" classname="ScenarioComponent.Test_Scenario"/>
</testsuite> <!-- ScenarioComponent.Test_Scenario -->
